{"/home/karthik/smc/IstanbulTest/index.js":{"path":"/home/karthik/smc/IstanbulTest/index.js","s":{"1":1,"2":1,"3":1,"4":0},"b":{},"f":{"1":1,"2":0},"fnMap":{"1":{"name":"(anonymous_1)","line":1,"loc":{"start":{"line":1,"column":14},"end":{"line":1,"column":36}}},"2":{"name":"(anonymous_2)","line":5,"loc":{"start":{"line":5,"column":14},"end":{"line":5,"column":36}}}},"statementMap":{"1":{"start":{"line":1,"column":0},"end":{"line":3,"column":1}},"2":{"start":{"line":2,"column":2},"end":{"line":2,"column":16}},"3":{"start":{"line":5,"column":0},"end":{"line":7,"column":1}},"4":{"start":{"line":6,"column":2},"end":{"line":6,"column":16}}},"branchMap":{}}}